<component name="libraryTable">
  <library name="junit-4.12">
    <CLASSES>
      <root url="jar://$PROJECT_DIR$/../junit-4.12.jar!/" />
      <root url="file://C:/Program Files/Java/jdk1.7.0_67/lib/joda-time-2.4" />
    </CLASSES>
    <JAVADOC />
    <SOURCES>
      <root url="file://C:/Program Files/Java/jdk1.7.0_67/lib/joda-time-2.4" />
      <root url="file://C:/Program Files/Java/jdk1.7.0_67/lib/joda-time-2.4/src/example" />
      <root url="file://C:/Program Files/Java/jdk1.7.0_67/lib/joda-time-2.4/src/main/java" />
      <root url="file://C:/Program Files/Java/jdk1.7.0_67/lib/joda-time-2.4/src/test/java" />
    </SOURCES>
    <jarDirectory url="file://C:/Program Files/Java/jdk1.7.0_67/lib/joda-time-2.4" recursive="false" />
    <jarDirectory url="file://C:/Program Files/Java/jdk1.7.0_67/lib/joda-time-2.4" recursive="false" type="SOURCES" />
  </library>
</component>